<?xml version="1.0" encoding="UTF-8"?>
<testng-results skipped="0" failed="0" total="1" passed="1">
  <reporter-output>
  </reporter-output>
  <suite name="Suite" duration-ms="100262" started-at="2017-11-13T04:38:02Z" finished-at="2017-11-13T04:39:43Z">
    <groups>
    </groups>
    <test name="Test" duration-ms="100262" started-at="2017-11-13T04:38:02Z" finished-at="2017-11-13T04:39:43Z">
      <class name="demo.JavascriptPopup">
        <test-method status="PASS" signature="report()[pri:0, instance:demo.JavascriptPopup@4b952a2d]" name="report" is-config="true" duration-ms="327" started-at="2017-11-13T10:08:02Z" finished-at="2017-11-13T10:08:03Z">
          <reporter-output>
          </reporter-output>
        </test-method> <!-- report -->
        <test-method status="PASS" signature="test()[pri:0, instance:demo.JavascriptPopup@4b952a2d]" name="test" duration-ms="99417" started-at="2017-11-13T10:08:03Z" finished-at="2017-11-13T10:09:42Z">
          <reporter-output>
          </reporter-output>
        </test-method> <!-- test -->
        <test-method status="PASS" signature="endReport()[pri:0, instance:demo.JavascriptPopup@4b952a2d]" name="endReport" is-config="true" duration-ms="494" started-at="2017-11-13T10:09:42Z" finished-at="2017-11-13T10:09:43Z">
          <reporter-output>
          </reporter-output>
        </test-method> <!-- endReport -->
      </class> <!-- demo.JavascriptPopup -->
    </test> <!-- Test -->
  </suite> <!-- Suite -->
</testng-results>
